Flow report for HW
Sat Oct 05 22:17:43 2019
Quartus II 64-Bit Version 9.1 Build 350 03/24/2010 Service Pack 2 SJ Full Version


---------------------
; Table of Contents ;
---------------------
  1. Legal Notice
  2. Flow Summary
  3. Flow Settings
  4. Flow Non-Default Global Settings
  5. Flow Elapsed Time
  6. Flow OS Summary
  7. Flow Log



----------------
; Legal Notice ;
----------------
Copyright (C) 1991-2010 Altera Corporation
Your use of Altera Corporation's design tools, logic functions 
and other software and tools, and its AMPP partner logic 
functions, and any output files from any of the foregoing 
(including device programming or simulation files), and any 
associated documentation or information are expressly subject 
to the terms and conditions of the Altera Program License 
Subscription Agreement, Altera MegaCore Function License 
Agreement, or other applicable license agreement, including, 
without limitation, that your use is for the sole purpose of 
programming logic devices manufactured by Altera and sold by 
Altera or its authorized distributors.  Please refer to the 
applicable agreement for further details.



+-------------------------------------------------------------------------------+
; Flow Summary                                                                  ;
+-------------------------------+-----------------------------------------------+
; Flow Status                   ; Successful - Sat Oct 05 22:17:43 2019         ;
; Quartus II 64-Bit Version     ; 9.1 Build 350 03/24/2010 SP 2 SJ Full Version ;
; Revision Name                 ; HW                                            ;
; Top-level Entity Name         ; bloco_teste1                                  ;
; Family                        ; Stratix II                                    ;
; Met timing requirements       ; Yes                                           ;
; Logic utilization             ; 1 %                                           ;
;     Combinational ALUTs       ; 127 / 12,480 ( 1 % )                          ;
;     Dedicated logic registers ; 103 / 12,480 ( < 1 % )                        ;
; Total registers               ; 103                                           ;
; Total pins                    ; 278 / 343 ( 81 % )                            ;
; Total virtual pins            ; 0                                             ;
; Total block memory bits       ; 8,192 / 419,328 ( 2 % )                       ;
; DSP block 9-bit elements      ; 0 / 96 ( 0 % )                                ;
; Total PLLs                    ; 0 / 6 ( 0 % )                                 ;
; Total DLLs                    ; 0 / 2 ( 0 % )                                 ;
; Device                        ; EP2S15F484C3                                  ;
; Timing Models                 ; Final                                         ;
+-------------------------------+-----------------------------------------------+


+-----------------------------------------+
; Flow Settings                           ;
+-------------------+---------------------+
; Option            ; Setting             ;
+-------------------+---------------------+
; Start date & time ; 10/05/2019 22:17:26 ;
; Main task         ; Compilation         ;
; Revision Name     ; HW                  ;
+-------------------+---------------------+


+---------------------------------------------------------------------------------------------------------------------+
; Flow Non-Default Global Settings                                                                                    ;
+------------------------------------+--------------------------------+---------------+--------------+----------------+
; Assignment Name                    ; Value                          ; Default Value ; Entity Name  ; Section Id     ;
+------------------------------------+--------------------------------+---------------+--------------+----------------+
; COMPILER_SIGNATURE_ID              ; 10995770589200.157032464513012 ; --            ; --           ; --             ;
; PARTITION_COLOR                    ; 16764057                       ; --            ; bloco_teste1 ; Top            ;
; PARTITION_NETLIST_TYPE             ; SOURCE                         ; --            ; bloco_teste1 ; Top            ;
; TOP_LEVEL_ENTITY                   ; bloco_teste1                   ; HW            ; --           ; --             ;
; USE_GENERATED_PHYSICAL_CONSTRAINTS ; Off                            ; --            ; --           ; eda_blast_fpga ;
+------------------------------------+--------------------------------+---------------+--------------+----------------+


+-----------------------------------------------------------------------------------------------------------------------------+
; Flow Elapsed Time                                                                                                           ;
+-------------------------+--------------+-------------------------+---------------------+------------------------------------+
; Module Name             ; Elapsed Time ; Average Processors Used ; Peak Virtual Memory ; Total CPU Time (on all processors) ;
+-------------------------+--------------+-------------------------+---------------------+------------------------------------+
; Analysis & Synthesis    ; 00:00:04     ; 1.0                     ; 4493 MB             ; 00:00:05                           ;
; Fitter                  ; 00:00:07     ; 1.0                     ; 4596 MB             ; 00:00:09                           ;
; Assembler               ; 00:00:02     ; 1.0                     ; 4421 MB             ; 00:00:02                           ;
; Classic Timing Analyzer ; 00:00:01     ; 1.0                     ; 4352 MB             ; 00:00:01                           ;
; Total                   ; 00:00:14     ; --                      ; --                  ; 00:00:17                           ;
+-------------------------+--------------+-------------------------+---------------------+------------------------------------+


+------------------------------------------------------------------------------------------+
; Flow OS Summary                                                                          ;
+-------------------------+------------------+---------------+------------+----------------+
; Module Name             ; Machine Hostname ; OS Name       ; OS Version ; Processor type ;
+-------------------------+------------------+---------------+------------+----------------+
; Analysis & Synthesis    ; g5c17            ; Windows Vista ; 6.2        ; x86_64         ;
; Fitter                  ; g5c17            ; Windows Vista ; 6.2        ; x86_64         ;
; Assembler               ; g5c17            ; Windows Vista ; 6.2        ; x86_64         ;
; Classic Timing Analyzer ; g5c17            ; Windows Vista ; 6.2        ; x86_64         ;
+-------------------------+------------------+---------------+------------+----------------+


------------
; Flow Log ;
------------
quartus_map --read_settings_files=on --write_settings_files=off HW -c HW
quartus_fit --read_settings_files=off --write_settings_files=off HW -c HW
quartus_asm --read_settings_files=off --write_settings_files=off HW -c HW
quartus_tan --read_settings_files=off --write_settings_files=off HW -c HW --timing_analysis_only



